<?xml version="1.0" encoding="UTF-8"?>
<testng-results ignored="0" total="1" passed="1" failed="0" skipped="0">
  <reporter-output>
  </reporter-output>
  <suite started-at="2025-08-28T18:28:35 IST" name="Default suite" finished-at="2025-08-28T18:29:05 IST" duration-ms="29944">
    <groups>
    </groups>
    <test started-at="2025-08-28T18:28:35 IST" name="Default test" finished-at="2025-08-28T18:29:05 IST" duration-ms="29944">
      <class name="demo.AutomationTest">
        <test-method signature="login()[pri:0, instance:demo.AutomationTest@28701274]" started-at="2025-08-28T18:28:35 IST" name="login" finished-at="2025-08-28T18:29:05 IST" duration-ms="29890" status="PASS">
          <reporter-output>
          </reporter-output>
        </test-method> <!-- login -->
      </class> <!-- demo.AutomationTest -->
    </test> <!-- Default test -->
  </suite> <!-- Default suite -->
</testng-results>
