<?xml version="1.0" encoding="UTF-8"?>
<!-- Generated by org.testng.reporters.JUnitXMLReporter -->
<testsuite ignored="3" hostname="CPDK055" failures="0" tests="3" name="Test" time="0.101" errors="0" timestamp="2025-08-22T12:47:36 IST">
  <testcase classname="demo.TestNgGroupDemo" name="f3" time="0.016"/>
  <testcase classname="demo.TestNgGroupDemo" name="f5" time="0.017"/>
  <testcase classname="demo.TestNgGroupDemo" name="f1" time="0.017"/>
  <testcase classname="demo.TestNgGroupDemo" name="f4" time="0.0">
    <ignored/>
  </testcase> <!-- f4 -->
  <testcase classname="demo.TestNgGroupDemo" name="f2" time="0.0">
    <ignored/>
  </testcase> <!-- f2 -->
  <testcase classname="demo.TestNgGroupDemo" name="f" time="0.0">
    <ignored/>
  </testcase> <!-- f -->
</testsuite> <!-- Test -->
